0 info it worked if it ends with ok
1 verbose cli [ 'C:\\Program Files\\nodejs\\node.exe',
1 verbose cli   'C:\\Users\\mrm\\AppData\\Roaming\\npm\\node_modules\\npm\\bin\\npm-cli.js',
1 verbose cli   'run',
1 verbose cli   'mktags',
1 verbose cli   'C:/Users/mrm/Desktop/test/' ]
2 info using npm@3.10.7
3 info using node@v6.7.0
4 verbose run-script [ 'premktags', 'mktags', 'postmktags' ]
5 info lifecycle exiftool-vendored@0.1.0~premktags: exiftool-vendored@0.1.0
6 verbose lifecycle exiftool-vendored@0.1.0~premktags: unsafe-perm in lifecycle true
7 verbose lifecycle exiftool-vendored@0.1.0~premktags: PATH: C:\Users\mrm\AppData\Roaming\npm\node_modules\npm\bin\node-gyp-bin;C:\Users\mrm\src\exif\exiftool-vendored\node_modules\.bin;C:\Users\mrm\bin;C:\Program Files (x86)\cmder\bin;C:\Program Files\Git\bin;C:\Program Files (x86)\cmder\vendor\git-for-windows\usr\local\bin;C:\Program Files (x86)\cmder\vendor\git-for-windows\usr\bin;C:\Program Files (x86)\cmder\vendor\git-for-windows\usr\bin;C:\Program Files (x86)\cmder\vendor\conemu-maximus5\ConEmu\Scripts;C:\Program Files (x86)\cmder\vendor\conemu-maximus5;C:\Program Files (x86)\cmder\vendor\conemu-maximus5\ConEmu;C:\ProgramData\Oracle\Java\javapath;C:\Python27;C:\Python27\Scripts;C:\Program Files (x86)\Intel\iCLS Client;C:\Program Files\Intel\iCLS Client;C:\Program Files\Dell\DW WLAN Card;C:\Windows\system32;C:\Windows;C:\Windows\System32\Wbem;C:\Windows\System32\WindowsPowerShell\v1.0;C:\Program Files\WIDCOMM\Bluetooth Software;C:\Program Files\WIDCOMM\Bluetooth Software\syswow64;C:\Program Files (x86)\Intel\Intel(R) Management Engine Components\DAL;C:\Program Files\Intel\Intel(R) Management Engine Components\DAL;C:\Program Files (x86)\Intel\Intel(R) Management Engine Components\IPT;C:\Program Files\Intel\Intel(R) Management Engine Components\IPT;C:\Program Files (x86)\Windows Kits\8.1\Windows Performance Toolkit;C:\Program Files\Microsoft SQL Server\130\Tools\Binn;%NVM_HOME%;%NVM_SYMLINK%;C:\Users\mrm\AppData\Local\Microsoft\WindowsApps;C:\Users\mrm\AppData\Roaming\npm;C:\Program Files (x86)\Microsoft VS Code\bin;C:\Users\mrm\AppData\Local\atom\bin;C:\Users\mrm\AppData\Roaming\nvm;C:\Program Files\nodejs;C:\Program Files (x86)\cmder;C:\Program Files (x86)\cmder\vendor\git-for-windows\usr\bin\vendor_perl;C:\Program Files (x86)\cmder\vendor\git-for-windows\usr\bin\core_perl;C:\Users\mrm\bin;C:\Users\mrm\bin\gradle\bin;C:\Program Files\Java\jdk1.8.0_102\bin;C:\Users\mrm\bin\maven\bin;C:\Program\ Files\nodejs
8 verbose lifecycle exiftool-vendored@0.1.0~premktags: CWD: C:\Users\mrm\src\exif\exiftool-vendored
9 silly lifecycle exiftool-vendored@0.1.0~premktags: Args: [ '/d /s /c', 'tsc' ]
10 silly lifecycle exiftool-vendored@0.1.0~premktags: Returned: code: 2  signal: null
11 info lifecycle exiftool-vendored@0.1.0~premktags: Failed to exec premktags script
12 verbose stack Error: exiftool-vendored@0.1.0 premktags: `tsc`
12 verbose stack Exit status 2
12 verbose stack     at EventEmitter.<anonymous> (C:\Users\mrm\AppData\Roaming\npm\node_modules\npm\lib\utils\lifecycle.js:255:16)
12 verbose stack     at emitTwo (events.js:106:13)
12 verbose stack     at EventEmitter.emit (events.js:191:7)
12 verbose stack     at ChildProcess.<anonymous> (C:\Users\mrm\AppData\Roaming\npm\node_modules\npm\lib\utils\spawn.js:40:14)
12 verbose stack     at emitTwo (events.js:106:13)
12 verbose stack     at ChildProcess.emit (events.js:191:7)
12 verbose stack     at maybeClose (internal/child_process.js:877:16)
12 verbose stack     at Process.ChildProcess._handle.onexit (internal/child_process.js:226:5)
13 verbose pkgid exiftool-vendored@0.1.0
14 verbose cwd C:\Users\mrm\src\exif\exiftool-vendored
15 error Windows_NT 10.0.14393
16 error argv "C:\\Program Files\\nodejs\\node.exe" "C:\\Users\\mrm\\AppData\\Roaming\\npm\\node_modules\\npm\\bin\\npm-cli.js" "run" "mktags" "C:/Users/mrm/Desktop/test/"
17 error node v6.7.0
18 error npm  v3.10.7
19 error code ELIFECYCLE
20 error exiftool-vendored@0.1.0 premktags: `tsc`
20 error Exit status 2
21 error Failed at the exiftool-vendored@0.1.0 premktags script 'tsc'.
21 error Make sure you have the latest version of node.js and npm installed.
21 error If you do, this is most likely a problem with the exiftool-vendored package,
21 error not with npm itself.
21 error Tell the author that this fails on your system:
21 error     tsc
21 error You can get information on how to open an issue for this project with:
21 error     npm bugs exiftool-vendored
21 error Or if that isn't available, you can get their info via:
21 error     npm owner ls exiftool-vendored
21 error There is likely additional logging output above.
22 verbose exit [ 1, true ]
